# JRE version: OpenJDK Runtime Environment (11.0.10) (build 11.0.10+0-b96-7249189)
# Java VM: OpenJDK 64-Bit Server VM (11.0.10+0-b96-7249189, mixed mode, tiered, compressed oops, g1 gc, windows-amd64)
Heap:
 garbage-first heap   total 404480K, used 173606K [0x0000000080000000, 0x0000000100000000)
  region size 1024K, 21 young (21504K), 9 survivors (9216K)
 Metaspace       used 156515K, capacity 161551K, committed 162532K, reserved 1191936K
  class space    used 18377K, capacity 20211K, committed 20452K, reserved 1048576K
GC Heap History (20 events):
Event: 42328.123 GC heap before
{Heap before GC invocations=461 (full 0):
 garbage-first heap   total 398336K, used 214258K [0x0000000080000000, 0x0000000100000000)
  region size 1024K, 57 young (58368K), 1 survivors (1024K)
 Metaspace       used 155933K, capacity 160655K, committed 162532K, reserved 1191936K
  class space    used 18312K, capacity 20078K, committed 20452K, reserved 1048576K
}
Event: 42328.148 GC heap after
{Heap after GC invocations=462 (full 0):
 garbage-first heap   total 398336K, used 161434K [0x0000000080000000, 0x0000000100000000)
  region size 1024K, 4 young (4096K), 4 survivors (4096K)
 Metaspace       used 155933K, capacity 160655K, committed 162532K, reserved 1191936K
  class space    used 18312K, capacity 20078K, committed 20452K, reserved 1048576K
}
Event: 42661.936 GC heap before
{Heap before GC invocations=463 (full 0):
 garbage-first heap   total 398336K, used 382618K [0x0000000080000000, 0x0000000100000000)
  region size 1024K, 139 young (142336K), 4 survivors (4096K)
 Metaspace       used 155971K, capacity 160720K, committed 162532K, reserved 1191936K
  class space    used 18312K, capacity 20078K, committed 20452K, reserved 1048576K
}
Event: 42661.972 GC heap after
{Heap after GC invocations=464 (full 0):
 garbage-first heap   total 398336K, used 165784K [0x0000000080000000, 0x0000000100000000)
  region size 1024K, 8 young (8192K), 8 survivors (8192K)
 Metaspace       used 155971K, capacity 160720K, committed 162532K, reserved 1191936K
  class space    used 18312K, capacity 20078K, committed 20452K, reserved 1048576K
}
Event: 42662.065 GC heap before
{Heap before GC invocations=464 (full 0):
 garbage-first heap   total 398336K, used 176024K [0x0000000080000000, 0x0000000100000000)
  region size 1024K, 19 young (19456K), 8 survivors (8192K)
 Metaspace       used 155971K, capacity 160720K, committed 162532K, reserved 1191936K
  class space    used 18312K, capacity 20078K, committed 20452K, reserved 1048576K
}
Event: 42662.094 GC heap after
{Heap after GC invocations=465 (full 0):
 garbage-first heap   total 398336K, used 157247K [0x0000000080000000, 0x0000000100000000)
  region size 1024K, 2 young (2048K), 2 survivors (2048K)
 Metaspace       used 155971K, capacity 160720K, committed 162532K, reserved 1191936K
  class space    used 18312K, capacity 20078K, committed 20452K, reserved 1048576K
}
Event: 42665.730 GC heap before
{Heap before GC invocations=465 (full 0):
 garbage-first heap   total 398336K, used 259647K [0x0000000080000000, 0x0000000100000000)
  region size 1024K, 104 young (106496K), 2 survivors (2048K)
 Metaspace       used 155973K, capacity 160720K, committed 162532K, reserved 1191936K
  class space    used 18312K, capacity 20078K, committed 20452K, reserved 1048576K
}
Event: 42665.752 GC heap after
{Heap after GC invocations=466 (full 0):
 garbage-first heap   total 398336K, used 163451K [0x0000000080000000, 0x0000000100000000)
  region size 1024K, 8 young (8192K), 8 survivors (8192K)
 Metaspace       used 155973K, capacity 160720K, committed 162532K, reserved 1191936K
  class space    used 18312K, capacity 20078K, committed 20452K, reserved 1048576K
}
Event: 42812.457 GC heap before
{Heap before GC invocations=467 (full 0):
 garbage-first heap   total 398336K, used 389755K [0x0000000080000000, 0x0000000100000000)
  region size 1024K, 148 young (151552K), 8 survivors (8192K)
 Metaspace       used 156020K, capacity 160777K, committed 162532K, reserved 1191936K
  class space    used 18318K, capacity 20088K, committed 20452K, reserved 1048576K
}
Event: 42812.494 GC heap after
{Heap after GC invocations=468 (full 0):
 garbage-first heap   total 401408K, used 165103K [0x0000000080000000, 0x0000000100000000)
  region size 1024K, 10 young (10240K), 10 survivors (10240K)
 Metaspace       used 156020K, capacity 160777K, committed 162532K, reserved 1191936K
  class space    used 18318K, capacity 20088K, committed 20452K, reserved 1048576K
}
Event: 42815.912 GC heap before
{Heap before GC invocations=468 (full 0):
 garbage-first heap   total 401408K, used 174319K [0x0000000080000000, 0x0000000100000000)
  region size 1024K, 19 young (19456K), 10 survivors (10240K)
 Metaspace       used 156022K, capacity 160777K, committed 162532K, reserved 1191936K
  class space    used 18318K, capacity 20088K, committed 20452K, reserved 1048576K
}
Event: 42815.949 GC heap after
{Heap after GC invocations=469 (full 0):
 garbage-first heap   total 401408K, used 152180K [0x0000000080000000, 0x0000000100000000)
  region size 1024K, 2 young (2048K), 2 survivors (2048K)
 Metaspace       used 156022K, capacity 160777K, committed 162532K, reserved 1191936K
  class space    used 18318K, capacity 20088K, committed 20452K, reserved 1048576K
}
Event: 42816.346 GC heap before
{Heap before GC invocations=469 (full 0):
 garbage-first heap   total 401408K, used 245364K [0x0000000080000000, 0x0000000100000000)
  region size 1024K, 95 young (97280K), 2 survivors (2048K)
 Metaspace       used 156032K, capacity 160781K, committed 162532K, reserved 1191936K
  class space    used 18318K, capacity 20088K, committed 20452K, reserved 1048576K
}
Event: 42816.369 GC heap after
{Heap after GC invocations=470 (full 0):
 garbage-first heap   total 401408K, used 157630K [0x0000000080000000, 0x0000000100000000)
  region size 1024K, 8 young (8192K), 8 survivors (8192K)
 Metaspace       used 156032K, capacity 160781K, committed 162532K, reserved 1191936K
  class space    used 18318K, capacity 20088K, committed 20452K, reserved 1048576K
}
Event: 43044.358 GC heap before
{Heap before GC invocations=471 (full 0):
 garbage-first heap   total 401408K, used 392126K [0x0000000080000000, 0x0000000100000000)
  region size 1024K, 156 young (159744K), 8 survivors (8192K)
 Metaspace       used 156364K, capacity 161311K, committed 162532K, reserved 1191936K
  class space    used 18362K, capacity 20171K, committed 20452K, reserved 1048576K
}
Event: 43044.394 GC heap after
{Heap after GC invocations=472 (full 0):
 garbage-first heap   total 404480K, used 159577K [0x0000000080000000, 0x0000000100000000)
  region size 1024K, 10 young (10240K), 10 survivors (10240K)
 Metaspace       used 156364K, capacity 161311K, committed 162532K, reserved 1191936K
  class space    used 18362K, capacity 20171K, committed 20452K, reserved 1048576K
}
Event: 43048.495 GC heap before
{Heap before GC invocations=472 (full 0):
 garbage-first heap   total 404480K, used 168793K [0x0000000080000000, 0x0000000100000000)
  region size 1024K, 19 young (19456K), 10 survivors (10240K)
 Metaspace       used 156364K, capacity 161311K, committed 162532K, reserved 1191936K
  class space    used 18362K, capacity 20171K, committed 20452K, reserved 1048576K
}
Event: 43048.528 GC heap after
{Heap after GC invocations=473 (full 0):
 garbage-first heap   total 404480K, used 154444K [0x0000000080000000, 0x0000000100000000)
  region size 1024K, 3 young (3072K), 3 survivors (3072K)
 Metaspace       used 156364K, capacity 161311K, committed 162532K, reserved 1191936K
  class space    used 18362K, capacity 20171K, committed 20452K, reserved 1048576K
}
Event: 43049.279 GC heap before
{Heap before GC invocations=473 (full 0):
 garbage-first heap   total 404480K, used 244556K [0x0000000080000000, 0x0000000100000000)
  region size 1024K, 93 young (95232K), 3 survivors (3072K)
 Metaspace       used 156515K, capacity 161551K, committed 162532K, reserved 1191936K
  class space    used 18377K, capacity 20211K, committed 20452K, reserved 1048576K
}
Event: 43049.313 GC heap after
{Heap after GC invocations=474 (full 0):
 garbage-first heap   total 404480K, used 160294K [0x0000000080000000, 0x0000000100000000)
  region size 1024K, 9 young (9216K), 9 survivors (9216K)
 Metaspace       used 156515K, capacity 161551K, committed 162532K, reserved 1191936K
  class space    used 18377K, capacity 20211K, committed 20452K, reserved 1048576K
}

